<?xml version="1.0" encoding="UTF-8"?>
<testng-results ignored="3" total="4" passed="1" failed="0" skipped="0">
  <reporter-output>
  </reporter-output>
  <suite started-at="2026-09-09T16:07:03 IST" name="Suite" finished-at="2026-09-09T16:07:07 IST" duration-ms="3947">
    <groups>
      <group name="ErrorHandling">
        <method signature="ErrorValidationsTest.LoginErrorValidation()[pri:0, instance:rahulshettyacademy.tests.ErrorValidationsTest@5fe94a96]" name="LoginErrorValidation" class="rahulshettyacademy.tests.ErrorValidationsTest"/>
      </group> <!-- ErrorHandling -->
    </groups>
    <test started-at="2026-09-09T16:07:03 IST" name="Submit Order Test" finished-at="2026-09-09T16:07:03 IST" duration-ms="21">
    </test> <!-- Submit Order Test -->
    <test started-at="2026-09-09T16:07:03 IST" name="Error Validations Test" finished-at="2026-09-09T16:07:07 IST" duration-ms="3947">
      <class name="rahulshettyacademy.tests.ErrorValidationsTest">
        <test-method is-config="true" signature="launchApplication()[pri:0, instance:rahulshettyacademy.tests.ErrorValidationsTest@5fe94a96]" started-at="2026-09-09T16:07:03 IST" name="launchApplication" finished-at="2026-09-09T16:07:06 IST" duration-ms="3131" status="PASS">
          <reporter-output>
          </reporter-output>
        </test-method> <!-- launchApplication -->
        <test-method signature="LoginErrorValidation()[pri:0, instance:rahulshettyacademy.tests.ErrorValidationsTest@5fe94a96]" started-at="2026-09-09T16:07:06 IST" name="LoginErrorValidation" finished-at="2026-09-09T16:07:06 IST" duration-ms="459" status="PASS">
          <reporter-output>
          </reporter-output>
        </test-method> <!-- LoginErrorValidation -->
        <test-method is-config="true" signature="tearDown()[pri:0, instance:rahulshettyacademy.tests.ErrorValidationsTest@5fe94a96]" started-at="2026-09-09T16:07:06 IST" name="tearDown" finished-at="2026-09-09T16:07:07 IST" duration-ms="303" status="PASS">
          <reporter-output>
          </reporter-output>
        </test-method> <!-- tearDown -->
      </class> <!-- rahulshettyacademy.tests.ErrorValidationsTest -->
    </test> <!-- Error Validations Test -->
  </suite> <!-- Suite -->
</testng-results>
