<?xml version="1.0" encoding="UTF-8"?>
<!-- Generated by org.testng.reporters.JUnitReportReporter -->
<testsuite hostname="DESKTOP-NM0R9K2" failures="0" tests="2" name="rahulshettyacademy.tests.ErrorValidationsTest" time="18.473" errors="0" timestamp="2026-09-09T12:43:14 IST" skipped="0">
  <testcase classname="rahulshettyacademy.tests.ErrorValidationsTest" name="LoginErrorValidation" time="3.257"/>
  <testcase classname="rahulshettyacademy.tests.ErrorValidationsTest" name="ProductErrorValidation" time="15.216"/>
</testsuite> <!-- rahulshettyacademy.tests.ErrorValidationsTest -->
